<?xml version="1.0" encoding="UTF-8"?>
<coverage generated="1657649394866" clover="3.2.0">
  <project timestamp="1657649394866" name="All files">
    <metrics statements="51" coveredstatements="48" conditionals="12" coveredconditionals="12" methods="25" coveredmethods="25" elements="88" coveredelements="85" complexity="0" loc="51" ncloc="51" packages="1" files="8" classes="8"/>
    <file name="App.js" path="/Users/eryncraig/Desktop/CareerFoundry/meet/src/App.js">
      <metrics statements="12" coveredstatements="12" conditionals="4" coveredconditionals="4" methods="7" coveredmethods="7"/>
      <line num="9" count="5" type="stmt"/>
      <line num="14" count="5" type="stmt"/>
      <line num="15" count="2" type="stmt"/>
      <line num="16" count="2" type="cond" truecount="2" falsecount="0"/>
      <line num="18" count="2" type="stmt"/>
      <line num="19" count="2" type="stmt"/>
      <line num="26" count="5" type="stmt"/>
      <line num="27" count="5" type="stmt"/>
      <line num="28" count="5" type="cond" truecount="2" falsecount="0"/>
      <line num="29" count="3" type="stmt"/>
      <line num="35" count="4" type="stmt"/>
      <line num="39" count="10" type="stmt"/>
    </file>
    <file name="CitySearch.js" path="/Users/eryncraig/Desktop/CareerFoundry/meet/src/CitySearch.js">
      <metrics statements="13" coveredstatements="13" conditionals="2" coveredconditionals="2" methods="8" coveredmethods="8"/>
      <line num="5" count="5" type="stmt"/>
      <line num="11" count="5" type="stmt"/>
      <line num="12" count="2" type="stmt"/>
      <line num="13" count="2" type="stmt"/>
      <line num="14" count="4" type="stmt"/>
      <line num="16" count="2" type="stmt"/>
      <line num="22" count="5" type="stmt"/>
      <line num="23" count="4" type="stmt"/>
      <line num="27" count="4" type="stmt"/>
      <line num="31" count="22" type="stmt"/>
      <line num="37" count="1" type="stmt"/>
      <line num="41" count="17" type="stmt"/>
      <line num="43" count="1" type="stmt"/>
    </file>
    <file name="Event.js" path="/Users/eryncraig/Desktop/CareerFoundry/meet/src/Event.js">
      <metrics statements="6" coveredstatements="6" conditionals="2" coveredconditionals="2" methods="3" coveredmethods="3"/>
      <line num="4" count="5" type="stmt"/>
      <line num="8" count="5" type="stmt"/>
      <line num="9" count="1" type="stmt"/>
      <line num="15" count="10" type="stmt"/>
      <line num="16" count="10" type="stmt"/>
      <line num="21" count="1" type="cond" truecount="2" falsecount="0"/>
    </file>
    <file name="EventList.js" path="/Users/eryncraig/Desktop/CareerFoundry/meet/src/EventList.js">
      <metrics statements="3" coveredstatements="3" conditionals="0" coveredconditionals="0" methods="2" coveredmethods="2"/>
      <line num="6" count="9" type="stmt"/>
      <line num="7" count="9" type="stmt"/>
      <line num="10" count="9" type="stmt"/>
    </file>
    <file name="NumberOfEvents.js" path="/Users/eryncraig/Desktop/CareerFoundry/meet/src/NumberOfEvents.js">
      <metrics statements="7" coveredstatements="7" conditionals="4" coveredconditionals="4" methods="2" coveredmethods="2"/>
      <line num="4" count="5" type="stmt"/>
      <line num="8" count="5" type="stmt"/>
      <line num="9" count="2" type="stmt"/>
      <line num="10" count="2" type="cond" truecount="4" falsecount="0"/>
      <line num="11" count="1" type="stmt"/>
      <line num="16" count="1" type="stmt"/>
      <line num="21" count="13" type="stmt"/>
    </file>
    <file name="api.js" path="/Users/eryncraig/Desktop/CareerFoundry/meet/src/api.js">
      <metrics statements="6" coveredstatements="6" conditionals="0" coveredconditionals="0" methods="3" coveredmethods="3"/>
      <line num="3" count="2" type="stmt"/>
      <line num="4" count="10" type="stmt"/>
      <line num="5" count="5" type="stmt"/>
      <line num="6" count="5" type="stmt"/>
      <line num="9" count="2" type="stmt"/>
      <line num="10" count="9" type="stmt"/>
    </file>
    <file name="index.js" path="/Users/eryncraig/Desktop/CareerFoundry/meet/src/index.js">
      <metrics statements="3" coveredstatements="0" conditionals="0" coveredconditionals="0" methods="0" coveredmethods="0"/>
      <line num="8" count="0" type="stmt"/>
      <line num="18" count="0" type="stmt"/>
      <line num="23" count="0" type="stmt"/>
    </file>
    <file name="mock-data.js" path="/Users/eryncraig/Desktop/CareerFoundry/meet/src/mock-data.js">
      <metrics statements="1" coveredstatements="1" conditionals="0" coveredconditionals="0" methods="0" coveredmethods="0"/>
      <line num="1" count="5" type="stmt"/>
    </file>
  </project>
</coverage>
