TN:
SF:src/App.js
FN:14,(anonymous_0)
FN:15,(anonymous_1)
FN:18,(anonymous_2)
FN:25,(anonymous_3)
FN:27,(anonymous_4)
FN:34,(anonymous_5)
FN:38,(anonymous_6)
FNF:7
FNH:7
FNDA:2,(anonymous_0)
FNDA:2,(anonymous_1)
FNDA:2,(anonymous_2)
FNDA:5,(anonymous_3)
FNDA:5,(anonymous_4)
FNDA:4,(anonymous_5)
FNDA:10,(anonymous_6)
DA:9,5
DA:14,5
DA:15,2
DA:16,2
DA:18,2
DA:19,2
DA:26,5
DA:27,5
DA:28,5
DA:29,3
DA:35,4
DA:39,10
LF:12
LH:12
BRDA:16,0,0,1
BRDA:16,0,1,1
BRDA:28,1,0,3
BRDA:28,1,1,2
BRF:4
BRH:4
end_of_record
TN:
SF:src/CitySearch.js
FN:11,(anonymous_0)
FN:13,(anonymous_1)
FN:22,(anonymous_2)
FN:30,(anonymous_3)
FN:37,(anonymous_4)
FN:40,(anonymous_5)
FN:41,(anonymous_6)
FN:43,(anonymous_7)
FNF:8
FNH:8
FNDA:2,(anonymous_0)
FNDA:4,(anonymous_1)
FNDA:4,(anonymous_2)
FNDA:22,(anonymous_3)
FNDA:1,(anonymous_4)
FNDA:17,(anonymous_5)
FNDA:2,(anonymous_6)
FNDA:1,(anonymous_7)
DA:5,5
DA:11,5
DA:12,2
DA:13,2
DA:14,4
DA:16,2
DA:22,5
DA:23,4
DA:27,4
DA:31,22
DA:37,1
DA:41,17
DA:43,1
LF:13
LH:13
BRDA:39,0,0,1
BRDA:39,0,1,21
BRF:2
BRH:2
end_of_record
TN:
SF:src/Event.js
FN:8,(anonymous_0)
FN:14,(anonymous_1)
FN:21,(anonymous_2)
FNF:3
FNH:3
FNDA:1,(anonymous_0)
FNDA:10,(anonymous_1)
FNDA:1,(anonymous_2)
DA:4,5
DA:8,5
DA:9,1
DA:15,10
DA:16,10
DA:21,1
LF:6
LH:6
BRDA:21,0,0,9
BRDA:21,0,1,1
BRF:2
BRH:2
end_of_record
TN:
SF:src/EventList.js
FN:5,(anonymous_0)
FN:9,(anonymous_1)
FNF:2
FNH:2
FNDA:9,(anonymous_0)
FNDA:9,(anonymous_1)
DA:6,9
DA:7,9
DA:10,9
LF:3
LH:3
BRF:0
BRH:0
end_of_record
TN:
SF:src/NumberOfEvents.js
FN:8,(anonymous_0)
FN:20,(anonymous_1)
FNF:2
FNH:2
FNDA:2,(anonymous_0)
FNDA:13,(anonymous_1)
DA:4,5
DA:8,5
DA:9,2
DA:10,2
DA:11,1
DA:16,1
DA:21,13
LF:7
LH:7
BRDA:10,0,0,1
BRDA:10,0,1,1
BRDA:10,1,0,2
BRDA:10,1,1,2
BRF:4
BRH:4
end_of_record
TN:
SF:src/api.js
FN:3,(anonymous_0)
FN:4,(anonymous_1)
FN:9,(anonymous_2)
FNF:3
FNH:3
FNDA:5,(anonymous_0)
FNDA:10,(anonymous_1)
FNDA:9,(anonymous_2)
DA:3,2
DA:4,10
DA:5,5
DA:6,5
DA:9,2
DA:10,9
LF:6
LH:6
BRF:0
BRH:0
end_of_record
TN:
SF:src/index.js
FNF:0
FNH:0
DA:8,0
DA:18,0
DA:23,0
LF:3
LH:0
BRF:0
BRH:0
end_of_record
TN:
SF:src/mock-data.js
FNF:0
FNH:0
DA:1,5
LF:1
LH:1
BRF:0
BRH:0
end_of_record
